2025-08-24 10:56:09,665 | INFO | Live monitoring with limit of 3% every 10 seconds
2025-08-24 10:56:10,666 | DEBUG | Current CPU: 20.9%
2025-08-24 10:56:11,666 | DEBUG | Current CPU: 4.0%
2025-08-24 10:56:12,667 | DEBUG | Current CPU: 14.6%
2025-08-24 10:56:13,667 | DEBUG | Current CPU: 19.0%
2025-08-24 10:56:14,668 | DEBUG | Current CPU: 3.0%
2025-08-24 10:56:15,668 | DEBUG | Current CPU: 10.1%
2025-08-24 10:56:16,669 | DEBUG | Current CPU: 2.0%
2025-08-24 10:56:17,669 | DEBUG | Current CPU: 8.5%
2025-08-24 10:56:18,670 | DEBUG | Current CPU: 16.5%
2025-08-24 10:56:19,670 | DEBUG | Current CPU: 2.0%
2025-08-24 10:56:19,670 | INFO | Average CPU usage (10s): 10.1%
2025-08-24 10:56:19,670 | WARNING | [ALERT] CPU 10.1% ≥ 3% over 10s
2025-08-24 10:56:20,671 | DEBUG | Current CPU: 19.6%
2025-08-24 10:56:21,672 | DEBUG | Current CPU: 7.5%
2025-08-24 10:56:22,672 | DEBUG | Current CPU: 15.2%
2025-08-24 10:56:23,672 | DEBUG | Current CPU: 36.2%
2025-08-24 10:56:24,673 | DEBUG | Current CPU: 2.5%
2025-08-24 10:56:25,674 | DEBUG | Current CPU: 5.0%
2025-08-24 10:56:26,674 | DEBUG | Current CPU: 9.0%
2025-08-24 10:56:27,675 | DEBUG | Current CPU: 11.5%
2025-08-24 10:56:28,675 | DEBUG | Current CPU: 19.4%
2025-08-24 10:56:29,676 | DEBUG | Current CPU: 5.0%
2025-08-24 10:56:29,676 | INFO | Average CPU usage (10s): 13.1%
2025-08-24 10:56:29,676 | WARNING | [ALERT] CPU 13.1% ≥ 3% over 10s
2025-08-24 10:56:30,676 | DEBUG | Current CPU: 17.5%
2025-08-24 10:56:31,677 | DEBUG | Current CPU: 11.1%
2025-08-24 10:56:32,109 | INFO | Monitoring stopped by user
